<?xml version="1.0" encoding="UTF-8"?>
<testsuites name="jest tests" tests="2" failures="2" errors="0" time="3.848">
  <testsuite name="SupervisorBargeCoachButtons component" errors="0" failures="2" skipped="0" timestamp="2023-02-07T06:50:54" time="2.663" tests="2">
    <testcase classname="SupervisorBargeCoachButtons component renders correctly" name="SupervisorBargeCoachButtons component renders correctly" time="0.037">
      <failure>TypeError: Cannot read properties of undefined (reading &apos;muted&apos;)
    at SupervisorBargeCoachButtons (/Users/shmohanty/Workspace/segregated pugins/supervisor-barge-coach/ui-src/components/BargeCoachButtons/SupervisorBargeCoachButtonComponent.tsx:22:5)
    at renderWithHooks (/Users/shmohanty/Workspace/segregated pugins/supervisor-barge-coach/node_modules/react-dom/cjs/react-dom.development.js:2522:157)
    at mountIndeterminateComponent (/Users/shmohanty/Workspace/segregated pugins/supervisor-barge-coach/node_modules/react-dom/cjs/react-dom.development.js:2861:872)
    at beginWork (/Users/shmohanty/Workspace/segregated pugins/supervisor-barge-coach/node_modules/react-dom/cjs/react-dom.development.js:3105:93)
    at HTMLUnknownElement.callCallback (/Users/shmohanty/Workspace/segregated pugins/supervisor-barge-coach/node_modules/react-dom/cjs/react-dom.development.js:657:119)
    at HTMLUnknownElement.callTheUserObjectsOperation (/Users/shmohanty/Workspace/segregated pugins/supervisor-barge-coach/node_modules/jsdom/lib/jsdom/living/generated/EventListener.js:26:30)
    at innerInvokeEventListeners (/Users/shmohanty/Workspace/segregated pugins/supervisor-barge-coach/node_modules/jsdom/lib/jsdom/living/events/EventTarget-impl.js:338:25)
    at invokeEventListeners (/Users/shmohanty/Workspace/segregated pugins/supervisor-barge-coach/node_modules/jsdom/lib/jsdom/living/events/EventTarget-impl.js:274:3)
    at HTMLUnknownElementImpl._dispatch (/Users/shmohanty/Workspace/segregated pugins/supervisor-barge-coach/node_modules/jsdom/lib/jsdom/living/events/EventTarget-impl.js:221:9)
    at HTMLUnknownElementImpl.dispatchEvent (/Users/shmohanty/Workspace/segregated pugins/supervisor-barge-coach/node_modules/jsdom/lib/jsdom/living/events/EventTarget-impl.js:94:17)
    at HTMLUnknownElement.dispatchEvent (/Users/shmohanty/Workspace/segregated pugins/supervisor-barge-coach/node_modules/jsdom/lib/jsdom/living/generated/EventTarget.js:231:34)
    at Object.invokeGuardedCallbackDev (/Users/shmohanty/Workspace/segregated pugins/supervisor-barge-coach/node_modules/react-dom/cjs/react-dom.development.js:677:45)
    at invokeGuardedCallback (/Users/shmohanty/Workspace/segregated pugins/supervisor-barge-coach/node_modules/react-dom/cjs/react-dom.development.js:696:126)
    at beginWork$1 (/Users/shmohanty/Workspace/segregated pugins/supervisor-barge-coach/node_modules/react-dom/cjs/react-dom.development.js:4040:1)
    at performUnitOfWork (/Users/shmohanty/Workspace/segregated pugins/supervisor-barge-coach/node_modules/react-dom/cjs/react-dom.development.js:3829:270)
    at workLoopSync (/Users/shmohanty/Workspace/segregated pugins/supervisor-barge-coach/node_modules/react-dom/cjs/react-dom.development.js:3822:30)
    at renderRootSync (/Users/shmohanty/Workspace/segregated pugins/supervisor-barge-coach/node_modules/react-dom/cjs/react-dom.development.js:3819:195)
    at performSyncWorkOnRoot (/Users/shmohanty/Workspace/segregated pugins/supervisor-barge-coach/node_modules/react-dom/cjs/react-dom.development.js:3749:121)
    at scheduleUpdateOnFiber (/Users/shmohanty/Workspace/segregated pugins/supervisor-barge-coach/node_modules/react-dom/cjs/react-dom.development.js:3630:1)
    at updateContainer (/Users/shmohanty/Workspace/segregated pugins/supervisor-barge-coach/node_modules/react-dom/cjs/react-dom.development.js:4229:313)
    at /Users/shmohanty/Workspace/segregated pugins/supervisor-barge-coach/node_modules/react-dom/cjs/react-dom.development.js:4272:29
    at unbatchedUpdates (/Users/shmohanty/Workspace/segregated pugins/supervisor-barge-coach/node_modules/react-dom/cjs/react-dom.development.js:3774:209)
    at legacyRenderSubtreeIntoContainer (/Users/shmohanty/Workspace/segregated pugins/supervisor-barge-coach/node_modules/react-dom/cjs/react-dom.development.js:4272:1)
    at Object.render (/Users/shmohanty/Workspace/segregated pugins/supervisor-barge-coach/node_modules/react-dom/cjs/react-dom.development.js:4274:519)
    at /Users/shmohanty/Workspace/segregated pugins/supervisor-barge-coach/node_modules/@testing-library/react/dist/pure.js:123:25
    at batchedUpdates$1 (/Users/shmohanty/Workspace/segregated pugins/supervisor-barge-coach/node_modules/react-dom/cjs/react-dom.development.js:3771:145)
    at act (/Users/shmohanty/Workspace/segregated pugins/supervisor-barge-coach/node_modules/react-dom/cjs/react-dom-test-utils.development.js:924:18)
    at render (/Users/shmohanty/Workspace/segregated pugins/supervisor-barge-coach/node_modules/@testing-library/react/dist/pure.js:119:26)
    at Object.&lt;anonymous&gt; (/Users/shmohanty/Workspace/segregated pugins/supervisor-barge-coach/ui-src/components/BargeCoachButtons/__tests__/SupervisorBargeCoachButtonComponent.test.tsx:74:35)
    at Object.asyncJestTest (/Users/shmohanty/Workspace/segregated pugins/supervisor-barge-coach/node_modules/jest-jasmine2/build/jasmineAsyncInstall.js:106:37)
    at /Users/shmohanty/Workspace/segregated pugins/supervisor-barge-coach/node_modules/jest-jasmine2/build/queueRunner.js:45:12
    at new Promise (&lt;anonymous&gt;)
    at mapper (/Users/shmohanty/Workspace/segregated pugins/supervisor-barge-coach/node_modules/jest-jasmine2/build/queueRunner.js:28:19)
    at /Users/shmohanty/Workspace/segregated pugins/supervisor-barge-coach/node_modules/jest-jasmine2/build/queueRunner.js:75:41
    at processTicksAndRejections (node:internal/process/task_queues:96:5)</failure>
    </testcase>
    <testcase classname="SupervisorBargeCoachButtons component calls bargeHandleClick when barge button is clicked" name="SupervisorBargeCoachButtons component calls bargeHandleClick when barge button is clicked" time="0.006">
      <failure>TypeError: Cannot read properties of undefined (reading &apos;muted&apos;)
    at SupervisorBargeCoachButtons (/Users/shmohanty/Workspace/segregated pugins/supervisor-barge-coach/ui-src/components/BargeCoachButtons/SupervisorBargeCoachButtonComponent.tsx:22:5)
    at renderWithHooks (/Users/shmohanty/Workspace/segregated pugins/supervisor-barge-coach/node_modules/react-dom/cjs/react-dom.development.js:2522:157)
    at mountIndeterminateComponent (/Users/shmohanty/Workspace/segregated pugins/supervisor-barge-coach/node_modules/react-dom/cjs/react-dom.development.js:2861:872)
    at beginWork (/Users/shmohanty/Workspace/segregated pugins/supervisor-barge-coach/node_modules/react-dom/cjs/react-dom.development.js:3105:93)
    at HTMLUnknownElement.callCallback (/Users/shmohanty/Workspace/segregated pugins/supervisor-barge-coach/node_modules/react-dom/cjs/react-dom.development.js:657:119)
    at HTMLUnknownElement.callTheUserObjectsOperation (/Users/shmohanty/Workspace/segregated pugins/supervisor-barge-coach/node_modules/jsdom/lib/jsdom/living/generated/EventListener.js:26:30)
    at innerInvokeEventListeners (/Users/shmohanty/Workspace/segregated pugins/supervisor-barge-coach/node_modules/jsdom/lib/jsdom/living/events/EventTarget-impl.js:338:25)
    at invokeEventListeners (/Users/shmohanty/Workspace/segregated pugins/supervisor-barge-coach/node_modules/jsdom/lib/jsdom/living/events/EventTarget-impl.js:274:3)
    at HTMLUnknownElementImpl._dispatch (/Users/shmohanty/Workspace/segregated pugins/supervisor-barge-coach/node_modules/jsdom/lib/jsdom/living/events/EventTarget-impl.js:221:9)
    at HTMLUnknownElementImpl.dispatchEvent (/Users/shmohanty/Workspace/segregated pugins/supervisor-barge-coach/node_modules/jsdom/lib/jsdom/living/events/EventTarget-impl.js:94:17)
    at HTMLUnknownElement.dispatchEvent (/Users/shmohanty/Workspace/segregated pugins/supervisor-barge-coach/node_modules/jsdom/lib/jsdom/living/generated/EventTarget.js:231:34)
    at Object.invokeGuardedCallbackDev (/Users/shmohanty/Workspace/segregated pugins/supervisor-barge-coach/node_modules/react-dom/cjs/react-dom.development.js:677:45)
    at invokeGuardedCallback (/Users/shmohanty/Workspace/segregated pugins/supervisor-barge-coach/node_modules/react-dom/cjs/react-dom.development.js:696:126)
    at beginWork$1 (/Users/shmohanty/Workspace/segregated pugins/supervisor-barge-coach/node_modules/react-dom/cjs/react-dom.development.js:4040:1)
    at performUnitOfWork (/Users/shmohanty/Workspace/segregated pugins/supervisor-barge-coach/node_modules/react-dom/cjs/react-dom.development.js:3829:270)
    at workLoopSync (/Users/shmohanty/Workspace/segregated pugins/supervisor-barge-coach/node_modules/react-dom/cjs/react-dom.development.js:3822:30)
    at renderRootSync (/Users/shmohanty/Workspace/segregated pugins/supervisor-barge-coach/node_modules/react-dom/cjs/react-dom.development.js:3819:195)
    at performSyncWorkOnRoot (/Users/shmohanty/Workspace/segregated pugins/supervisor-barge-coach/node_modules/react-dom/cjs/react-dom.development.js:3749:121)
    at scheduleUpdateOnFiber (/Users/shmohanty/Workspace/segregated pugins/supervisor-barge-coach/node_modules/react-dom/cjs/react-dom.development.js:3630:1)
    at updateContainer (/Users/shmohanty/Workspace/segregated pugins/supervisor-barge-coach/node_modules/react-dom/cjs/react-dom.development.js:4229:313)
    at /Users/shmohanty/Workspace/segregated pugins/supervisor-barge-coach/node_modules/react-dom/cjs/react-dom.development.js:4272:29
    at unbatchedUpdates (/Users/shmohanty/Workspace/segregated pugins/supervisor-barge-coach/node_modules/react-dom/cjs/react-dom.development.js:3774:209)
    at legacyRenderSubtreeIntoContainer (/Users/shmohanty/Workspace/segregated pugins/supervisor-barge-coach/node_modules/react-dom/cjs/react-dom.development.js:4272:1)
    at Object.render (/Users/shmohanty/Workspace/segregated pugins/supervisor-barge-coach/node_modules/react-dom/cjs/react-dom.development.js:4274:519)
    at /Users/shmohanty/Workspace/segregated pugins/supervisor-barge-coach/node_modules/@testing-library/react/dist/pure.js:123:25
    at batchedUpdates$1 (/Users/shmohanty/Workspace/segregated pugins/supervisor-barge-coach/node_modules/react-dom/cjs/react-dom.development.js:3771:145)
    at act (/Users/shmohanty/Workspace/segregated pugins/supervisor-barge-coach/node_modules/react-dom/cjs/react-dom-test-utils.development.js:924:18)
    at render (/Users/shmohanty/Workspace/segregated pugins/supervisor-barge-coach/node_modules/@testing-library/react/dist/pure.js:119:26)
    at Object.&lt;anonymous&gt; (/Users/shmohanty/Workspace/segregated pugins/supervisor-barge-coach/ui-src/components/BargeCoachButtons/__tests__/SupervisorBargeCoachButtonComponent.test.tsx:81:35)
    at Object.asyncJestTest (/Users/shmohanty/Workspace/segregated pugins/supervisor-barge-coach/node_modules/jest-jasmine2/build/jasmineAsyncInstall.js:106:37)
    at /Users/shmohanty/Workspace/segregated pugins/supervisor-barge-coach/node_modules/jest-jasmine2/build/queueRunner.js:45:12
    at new Promise (&lt;anonymous&gt;)
    at mapper (/Users/shmohanty/Workspace/segregated pugins/supervisor-barge-coach/node_modules/jest-jasmine2/build/queueRunner.js:28:19)
    at /Users/shmohanty/Workspace/segregated pugins/supervisor-barge-coach/node_modules/jest-jasmine2/build/queueRunner.js:75:41
    at processTicksAndRejections (node:internal/process/task_queues:96:5)</failure>
    </testcase>
  </testsuite>
</testsuites>